<?xml version="1.0" encoding="UTF-8"?>
<testsuite name="api.tests.HardwareTests-20211010064754" tests="15" file="api/tests.py" time="5.194" timestamp="2021-10-10T06:48:04" failures="0" errors="0" skipped="0">
	<testcase classname="api.tests.HardwareTests" name="test_create_device" time="0.258" timestamp="2021-10-10T06:47:59" file="api/tests.py" line="92">
		<!--
        test post
        -->
	</testcase>
	<testcase classname="api.tests.HardwareTests" name="test_create_device_non_staff" time="0.509" timestamp="2021-10-10T06:48:00" file="api/tests.py" line="105">
		<!--
        test post cand userul care face request nu este staff user
        -->
	</testcase>
	<testcase classname="api.tests.HardwareTests" name="test_create_device_unauthenticated" time="0.259" timestamp="2021-10-10T06:48:00" file="api/tests.py" line="115">
		<!--
        test post cand userul care face request nu este autentificat
        -->
	</testcase>
	<testcase classname="api.tests.HardwareTests" name="test_delete_item" time="0.256" timestamp="2021-10-10T06:48:00" file="api/tests.py" line="182">
		<!--
        test delete
        -->
	</testcase>
	<testcase classname="api.tests.HardwareTests" name="test_delete_item_non_staff" time="0.504" timestamp="2021-10-10T06:48:01" file="api/tests.py" line="189">
		<!--
        test delete cand userul nu este staff
        -->
	</testcase>
	<testcase classname="api.tests.HardwareTests" name="test_delete_item_unauthenticated" time="0.259" timestamp="2021-10-10T06:48:01" file="api/tests.py" line="197">
		<!--
        test delete cand userul care face request nu este autentificat
        -->
	</testcase>
	<testcase classname="api.tests.HardwareTests" name="test_get_device" time="0.256" timestamp="2021-10-10T06:48:01" file="api/tests.py" line="125">
		<!--
        test get pt un item specific
        -->
	</testcase>
	<testcase classname="api.tests.HardwareTests" name="test_get_device_non_staff" time="0.503" timestamp="2021-10-10T06:48:02" file="api/tests.py" line="135">
		<!--
        test get pt un item specific cand userul care face request nu este staff
        -->
	</testcase>
	<testcase classname="api.tests.HardwareTests" name="test_get_device_unauthenticated" time="0.263" timestamp="2021-10-10T06:48:02" file="api/tests.py" line="143">
		<!--
        test get pt un item specific cand userul care face request nu este autentificat
        -->
	</testcase>
	<testcase classname="api.tests.HardwareTests" name="test_list_devices" time="0.257" timestamp="2021-10-10T06:48:02" file="api/tests.py" line="67">
		<!--
        test get list
        -->
	</testcase>
	<testcase classname="api.tests.HardwareTests" name="test_list_devices_non_staff" time="0.512" timestamp="2021-10-10T06:48:03" file="api/tests.py" line="76">
		<!--
        test get list
        -->
	</testcase>
	<testcase classname="api.tests.HardwareTests" name="test_list_devices_unauthenticated" time="0.281" timestamp="2021-10-10T06:48:03" file="api/tests.py" line="84">
		<!--
        test get list cand userul care face request nu este autentificat
        -->
	</testcase>
	<testcase classname="api.tests.HardwareTests" name="test_update_device" time="0.312" timestamp="2021-10-10T06:48:03" file="api/tests.py" line="151">
		<!--
        test put
        -->
	</testcase>
	<testcase classname="api.tests.HardwareTests" name="test_update_device_non_staff" time="0.507" timestamp="2021-10-10T06:48:04" file="api/tests.py" line="163">
		<!--
        test put cand userul nu e staff
        -->
	</testcase>
	<testcase classname="api.tests.HardwareTests" name="test_update_device_unauthenticated" time="0.258" timestamp="2021-10-10T06:48:04" file="api/tests.py" line="173">
		<!--
        test put cand userul care face request nu este autentificat
        -->
	</testcase>
</testsuite>
