<?xml version="1.0" encoding="UTF-8"?>
<testsuite name="api.tests.InterfaceTests-20211010064754" tests="11" file="api/tests.py" time="3.633" timestamp="2021-10-10T06:48:08" failures="0" errors="0" skipped="0">
	<testcase classname="api.tests.InterfaceTests" name="test_create_item" time="0.261" timestamp="2021-10-10T06:48:04" file="api/tests.py" line="321"/>
	<testcase classname="api.tests.InterfaceTests" name="test_delete_item" time="0.260" timestamp="2021-10-10T06:48:05" file="api/tests.py" line="326"/>
	<testcase classname="api.tests.InterfaceTests" name="test_get_item" time="0.262" timestamp="2021-10-10T06:48:05" file="api/tests.py" line="287"/>
	<testcase classname="api.tests.InterfaceTests" name="test_get_item_non_staff" time="0.514" timestamp="2021-10-10T06:48:06" file="api/tests.py" line="292"/>
	<testcase classname="api.tests.InterfaceTests" name="test_get_item_unauthenticated" time="0.262" timestamp="2021-10-10T06:48:06" file="api/tests.py" line="298"/>
	<testcase classname="api.tests.InterfaceTests" name="test_get_list" time="0.263" timestamp="2021-10-10T06:48:06" file="api/tests.py" line="271"/>
	<testcase classname="api.tests.InterfaceTests" name="test_get_list_non_staff" time="0.511" timestamp="2021-10-10T06:48:07" file="api/tests.py" line="276"/>
	<testcase classname="api.tests.InterfaceTests" name="test_get_list_unauthenticated" time="0.265" timestamp="2021-10-10T06:48:07" file="api/tests.py" line="282"/>
	<testcase classname="api.tests.InterfaceTests" name="test_update_item" time="0.264" timestamp="2021-10-10T06:48:07" file="api/tests.py" line="303"/>
	<testcase classname="api.tests.InterfaceTests" name="test_update_item_non_staff" time="0.509" timestamp="2021-10-10T06:48:08" file="api/tests.py" line="309"/>
	<testcase classname="api.tests.InterfaceTests" name="test_update_item_unauthenticated" time="0.263" timestamp="2021-10-10T06:48:08" file="api/tests.py" line="315"/>
</testsuite>
